Arguments: 
  C:\Program Files\nodejs\node.exe C:\Program Files (x86)\Yarn\bin\yarn.js

PATH: 
  D:\Archivos de Programas\VMware\bin\;C:\Python39\Scripts\;C:\Python39\;C:\Windows\system32;C:\Windows;C:\Windows\System32\Wbem;C:\Windows\System32\WindowsPowerShell\v1.0\;C:\Windows\System32\OpenSSH\;C:\Program Files (x86)\NVIDIA Corporation\PhysX\Common;C:\Program Files\nodejs\;C:\ProgramData\chocolatey\bin;C:\Program Files (x86)\Yarn\bin\;D:\Archivos de Programas\;C:\Program Files\dotnet\;D:\Archivos de Programas\Git\cmd;D:\Archivos de Programas\Microsoft SQL Server\110\Tools\Binn\;C:\Program Files\Microsoft SQL Server\110\Tools\Binn\;C:\Program Files\Microsoft SQL Server\110\DTS\Binn\;D:\Archivos de Programas\Microsoft SQL Server\110\Tools\Binn\ManagementStudio\;D:\Archivos de Programas\Microsoft SQL Server\110\DTS\Binn\;C:\Program Files\Microsoft SQL Server\130\Tools\Binn\;C:\Program Files\Microsoft SQL Server\Client SDK\ODBC\170\Tools\Binn\;C:\Users\wcruz\AppData\Local\Microsoft\WindowsApps;C:\Users\wcruz\AppData\Local\Programs\Microsoft VS Code\bin;C:\Users\wcruz\AppData\Local\gitkraken\bin;C:\Users\wcruz\AppData\Roaming\npm;C:\Users\wcruz\AppData\Local\Yarn\bin;C:\Users\wcruz\.dotnet\tools

Yarn version: 
  1.22.5

Node version: 
  14.16.0

Platform: 
  win32 x64

Trace: 
  Error: connect ETIMEDOUT 200.119.160.114:10002
      at TCPConnectWrap.afterConnect [as oncomplete] (net.js:1146:16)

npm manifest: 
  {
    "name": "p1",
    "version": "1.0.0",
    "description": "",
    "main": "index.js",
    "scripts": {
      "start": "nodemon index.js"
    },
    "keywords": [],
    "author": "",
    "license": "ISC",
    "dependencies": {
      "body-parser": "^1.19.0",
      "express": "^4.17.1",
      "nodemon": "^2.0.13",
      "touch": "^3.1.0"
    }
  }

yarn manifest: 
  No manifest

Lockfile: 
  No lockfile
